<?xml version="1.0" encoding="UTF-8"?>
<!-- Generated by org.testng.reporters.JUnitXMLReporter -->
<testsuite hostname="user-PC" ignored="0" name="Test" tests="1" failures="1" timestamp="10 Jun 2020 15:08:59 GMT" time="59.218" errors="0">
  <testcase name="login1" time="17.74" classname="mavenproect1.TestActitimeLoginMaven">
    <failure type="java.lang.NullPointerException">
      <![CDATA[java.lang.NullPointerException
at generics.POMActitimeLoginMaven.creatework(POMActitimeLoginMaven.java:60)
at mavenproect1.TestActitimeLoginMaven.login1(TestActitimeLoginMaven.java:17)
... Removed 25 stack frames]]>
    </failure>
  </testcase> <!-- login1 -->
</testsuite> <!-- Test -->
