<?xml version="1.0" encoding="UTF-8"?>
<testng-results skipped="0" failed="0" ignored="0" total="1" passed="1">
  <reporter-output>
  </reporter-output>
  <suite name="Default suite" duration-ms="96477" started-at="2020-06-10T15:22:27Z" finished-at="2020-06-10T15:24:03Z">
    <groups>
    </groups>
    <test name="Default test" duration-ms="96477" started-at="2020-06-10T15:22:27Z" finished-at="2020-06-10T15:24:03Z">
      <class name="mavenproect1.TestActitimeLoginMaven">
        <test-method status="PASS" signature="openBrowser()[pri:0, instance:mavenproect1.TestActitimeLoginMaven@29ca901e]" name="openBrowser" is-config="true" duration-ms="58593" started-at="2020-06-10T15:22:27Z" finished-at="2020-06-10T15:23:25Z">
          <reporter-output>
          </reporter-output>
        </test-method> <!-- openBrowser -->
        <test-method status="PASS" signature="login1()[pri:0, instance:mavenproect1.TestActitimeLoginMaven@29ca901e]" name="login1" duration-ms="37835" started-at="2020-06-10T15:23:25Z" finished-at="2020-06-10T15:24:03Z">
          <reporter-output>
          </reporter-output>
        </test-method> <!-- login1 -->
        <test-method status="PASS" signature="closeBrowser()[pri:0, instance:mavenproect1.TestActitimeLoginMaven@29ca901e]" name="closeBrowser" is-config="true" duration-ms="0" started-at="2020-06-10T15:24:03Z" finished-at="2020-06-10T15:24:03Z">
          <reporter-output>
          </reporter-output>
        </test-method> <!-- closeBrowser -->
      </class> <!-- mavenproect1.TestActitimeLoginMaven -->
    </test> <!-- Default test -->
  </suite> <!-- Default suite -->
</testng-results>
